[19:58:18] [main/INFO]: Using mbed TLS based native cipher.
[19:58:18] [main/INFO]: Using zlib based native compressor.
[19:58:18] [main/INFO]: Enabled Waterfall version git:Waterfall-Bootstrap:1.19-R0.1-SNAPSHOT:f6069e2:513
[19:58:18] [main/INFO]: Not on Windows, attempting to use enhanced EpollEventLoop
[19:58:18] [main/INFO]: Epoll is working, utilising it!
[19:58:18] [main/INFO]: Discovered module: ModuleSpec(name=cmd_alert, file=modules/cmd_alert.jar, provider=JenkinsModuleSource())
[19:58:18] [main/INFO]: Discovered module: ModuleSpec(name=cmd_find, file=modules/cmd_find.jar, provider=JenkinsModuleSource())
[19:58:18] [main/INFO]: Discovered module: ModuleSpec(name=cmd_list, file=modules/cmd_list.jar, provider=JenkinsModuleSource())
[19:58:18] [main/INFO]: Discovered module: ModuleSpec(name=cmd_send, file=modules/cmd_send.jar, provider=JenkinsModuleSource())
[19:58:18] [main/INFO]: Discovered module: ModuleSpec(name=cmd_server, file=modules/cmd_server.jar, provider=JenkinsModuleSource())
[19:58:18] [main/INFO]: Discovered module: ModuleSpec(name=reconnect_yaml, file=modules/reconnect_yaml.jar, provider=JenkinsModuleSource())
[19:58:18] [main/INFO]: Loaded plugin reconnect_yaml version git:reconnect_yaml:1.19-R0.1-SNAPSHOT:f6069e2:513 by WaterfallMC
[19:58:18] [main/INFO]: Loaded plugin cmd_find version git:cmd_find:1.19-R0.1-SNAPSHOT:f6069e2:513 by WaterfallMC
[19:58:18] [main/INFO]: Loaded plugin cmd_server version git:cmd_server:1.19-R0.1-SNAPSHOT:f6069e2:513 by WaterfallMC
[19:58:18] [main/INFO]: Loaded plugin cmd_alert version git:cmd_alert:1.19-R0.1-SNAPSHOT:f6069e2:513 by WaterfallMC
[19:58:18] [main/INFO]: Loaded plugin cmd_send version git:cmd_send:1.19-R0.1-SNAPSHOT:f6069e2:513 by WaterfallMC
[19:58:18] [main/INFO]: Loaded plugin cmd_list version git:cmd_list:1.19-R0.1-SNAPSHOT:f6069e2:513 by WaterfallMC
[19:58:18] [main/WARN]: :>:>:>:>:>:>:>:>:>:>:>:>:>:>:>:>:>:>:>:>:>:>:>
[19:58:18] [main/WARN]: :>  
[19:58:18] [main/WARN]: :>      EAGLERCRAFTXBUNGEE WARNING:
[19:58:18] [main/WARN]: :>  
[19:58:18] [main/WARN]: :>  This plugin wasn't tested to be 'working'
[19:58:18] [main/WARN]: :>  with ANY version of BungeeCord (and forks)
[19:58:18] [main/WARN]: :>  apart from the versions listed below:
[19:58:18] [main/WARN]: :>  
[19:58:18] [main/WARN]: :>  - BungeeCord: 1.20-R0.2-SNAPSHOT:231024b:1777
[19:58:18] [main/WARN]: :>  - Waterfall: 1.20-R0.2-SNAPSHOT:d85fe36:556
[19:58:18] [main/WARN]: :>  - FlameCord: 1.1.1
[19:58:18] [main/WARN]: :>  
[19:58:18] [main/WARN]: :>  This is not a Bukkit/Spigot plugin!
[19:58:18] [main/WARN]: :>  
[19:58:18] [main/WARN]: :>  Use "-Deaglerxbungee.stfu=true" to hide
[19:58:18] [main/WARN]: :>  
[19:58:18] [main/WARN]: :>:>:>:>:>:>:>:>:>:>:>:>:>:>:>:>:>:>:>:>:>:>:>
[19:58:18] [main/INFO]: Loaded plugin EaglercraftXBungee version 1.0.9 by lax1dude
[19:58:18] [main/WARN]: Forced host server pvp is not defined
[19:58:18] [main/INFO]: Enabled plugin reconnect_yaml version git:reconnect_yaml:1.19-R0.1-SNAPSHOT:f6069e2:513 by WaterfallMC
[19:58:18] [main/INFO]: Enabled plugin cmd_find version git:cmd_find:1.19-R0.1-SNAPSHOT:f6069e2:513 by WaterfallMC
[19:58:18] [main/INFO]: Enabled plugin cmd_server version git:cmd_server:1.19-R0.1-SNAPSHOT:f6069e2:513 by WaterfallMC
[19:58:18] [main/INFO]: Enabled plugin cmd_alert version git:cmd_alert:1.19-R0.1-SNAPSHOT:f6069e2:513 by WaterfallMC
[19:58:18] [main/INFO]: Enabled plugin cmd_send version git:cmd_send:1.19-R0.1-SNAPSHOT:f6069e2:513 by WaterfallMC
[19:58:18] [main/INFO]: Enabled plugin cmd_list version git:cmd_list:1.19-R0.1-SNAPSHOT:f6069e2:513 by WaterfallMC
[19:58:19] [Netty Worker IO Thread #0/INFO] [EaglercraftXBungee]: Eaglercraft is listening on: /0.0.0.0:8081
[19:58:19] [main/INFO] [EaglercraftXBungee]: Connected to database: jdbc:sqlite:eaglercraft_skins_cache.db
[19:58:19] [main/INFO]: Enabled plugin EaglercraftXBungee version 1.0.9 by lax1dude
[19:58:19] [Netty Boss IO Thread #0/INFO]: Listening on /0.0.0.0:25577
[19:58:20] [Netty Worker IO Thread #1/INFO] [EaglercraftXBungee]: [/[0:0:0:0:0:0:0:1%0]:39498]: Connected via websocket
[19:58:20] [Netty Worker IO Thread #1/INFO] [EaglercraftXBungee]: [/[0:0:0:0:0:0:0:1%0]:39498]: Origin header is https://eaglercraft.com
[19:58:20] [Netty Worker IO Thread #1/INFO] [EaglercraftXBungee]: [/[0:0:0:0:0:0:0:1%0]:39498]: Logged in as 'Skaterkid3712'
[19:58:21] [Netty Worker IO Thread #1/INFO]: [/[0:0:0:0:0:0:0:1%0]:39498|Skaterkid3712] -> UpstreamBridge has connected
[19:58:21] [Netty Worker IO Thread #1/WARN]: Event LoginEvent(cancelled=false, cancelReasonComponents=null, loginResult=null, connection=[/[0:0:0:0:0:0:0:1%0]:39498|Skaterkid3712] <-> InitialHandler) took 281ms to process!
[19:58:21] [Netty Worker IO Thread #1/WARN]: Event PreLoginEvent(cancelled=false, cancelReasonComponents=null, connection=[/[0:0:0:0:0:0:0:1%0]:39498|Skaterkid3712] <-> InitialHandler) took 283ms to process!
[19:58:21] [Netty Worker IO Thread #1/INFO]: [Skaterkid3712|/[0:0:0:0:0:0:0:1%0]:39498] <-> ServerConnector [lobby] has connected
[19:59:11] [Shutdown Thread/INFO]: Closing listener [id: 0x0a3206a3, L:/[0:0:0:0:0:0:0:0%0]:25577]
[19:59:11] [Shutdown Thread/INFO]: Closing pending connections
[19:59:11] [Shutdown Thread/INFO]: Disconnecting 1 connections
[19:59:11] [Shutdown Thread/INFO]: [Skaterkid3712] disconnected with: The proxy server is restarting
[19:59:11] [Netty Worker IO Thread #1/INFO]: [/[0:0:0:0:0:0:0:1%0]:39498|Skaterkid3712] <-> DownstreamBridge <-> [lobby] has disconnected
[19:59:11] [Netty Worker IO Thread #1/INFO]: [/[0:0:0:0:0:0:0:1%0]:39498|Skaterkid3712] -> UpstreamBridge has disconnected
[19:59:11] [Shutdown Thread/INFO]: Saving reconnect locations
[19:59:11] [Shutdown Thread/INFO]: Disabling plugins
[19:59:11] [Shutdown Thread/INFO] [EaglercraftXBungee]: Eaglercraft listener closed: /0.0.0.0:8081
[19:59:11] [Shutdown Thread/INFO] [EaglercraftXBungee]: Successfully disconnected from database 'jdbc:sqlite:eaglercraft_skins_cache.db'
[19:59:11] [Shutdown Thread/INFO]: Closing IO threads
[19:59:13] [Shutdown Thread/INFO]: Thank you and goodbye
